# JRE version: Java(TM) SE Runtime Environment (8.0_60-b27) (build 1.8.0_60-b27)
# Java VM: Java HotSpot(TM) 64-Bit Server VM (25.60-b23 mixed mode windows-amd64 compressed oops)
Heap:
 PSYoungGen      total 69632K, used 43744K [0x00000000d5e00000, 0x00000000dad00000, 0x0000000100000000)
  eden space 62464K, 59% used [0x00000000d5e00000,0x00000000d8208030,0x00000000d9b00000)
  from space 7168K, 95% used [0x00000000da600000,0x00000000dacb0020,0x00000000dad00000)
  to   space 9216K, 0% used [0x00000000d9b00000,0x00000000d9b00000,0x00000000da400000)
 ParOldGen       total 87552K, used 9061K [0x0000000081a00000, 0x0000000086f80000, 0x00000000d5e00000)
  object space 87552K, 10% used [0x0000000081a00000,0x00000000822d96a0,0x0000000086f80000)
 Metaspace       used 17758K, capacity 18138K, committed 18432K, reserved 1064960K
  class space    used 2084K, capacity 2186K, committed 2304K, reserved 1048576K
GC Heap History (10 events):
Event: 2.709 GC heap before
{Heap before GC invocations=2 (full 0):
 PSYoungGen      total 38400K, used 37852K [0x00000000d5e00000, 0x00000000d8880000, 0x0000000100000000)
  eden space 33280K, 100% used [0x00000000d5e00000,0x00000000d7e80000,0x00000000d7e80000)
  from space 5120K, 89% used [0x00000000d7e80000,0x00000000d82f70b8,0x00000000d8380000)
  to   space 5120K, 0% used [0x00000000d8380000,0x00000000d8380000,0x00000000d8880000)
 ParOldGen       total 87552K, used 16K [0x0000000081a00000, 0x0000000086f80000, 0x00000000d5e00000)
  object space 87552K, 0% used [0x0000000081a00000,0x0000000081a04000,0x0000000086f80000)
 Metaspace       used 13966K, capacity 14274K, committed 14720K, reserved 1062912K
  class space    used 1713K, capacity 1808K, committed 1920K, reserved 1048576K
Event: 2.779 GC heap after
Heap after GC invocations=2 (full 0):
 PSYoungGen      total 38400K, used 5102K [0x00000000d5e00000, 0x00000000da900000, 0x0000000100000000)
  eden space 33280K, 0% used [0x00000000d5e00000,0x00000000d5e00000,0x00000000d7e80000)
  from space 5120K, 99% used [0x00000000d8380000,0x00000000d887b940,0x00000000d8880000)
  to   space 5120K, 0% used [0x00000000d7e80000,0x00000000d7e80000,0x00000000d8380000)
 ParOldGen       total 87552K, used 2201K [0x0000000081a00000, 0x0000000086f80000, 0x00000000d5e00000)
  object space 87552K, 2% used [0x0000000081a00000,0x0000000081c26618,0x0000000086f80000)
 Metaspace       used 13966K, capacity 14274K, committed 14720K, reserved 1062912K
  class space    used 1713K, capacity 1808K, committed 1920K, reserved 1048576K
}
Event: 8.380 GC heap before
{Heap before GC invocations=3 (full 0):
 PSYoungGen      total 38400K, used 38382K [0x00000000d5e00000, 0x00000000da900000, 0x0000000100000000)
  eden space 33280K, 100% used [0x00000000d5e00000,0x00000000d7e80000,0x00000000d7e80000)
  from space 5120K, 99% used [0x00000000d8380000,0x00000000d887b940,0x00000000d8880000)
  to   space 5120K, 0% used [0x00000000d7e80000,0x00000000d7e80000,0x00000000d8380000)
 ParOldGen       total 87552K, used 2201K [0x0000000081a00000, 0x0000000086f80000, 0x00000000d5e00000)
  object space 87552K, 2% used [0x0000000081a00000,0x0000000081c26618,0x0000000086f80000)
 Metaspace       used 16620K, capacity 16982K, committed 17280K, reserved 1064960K
  class space    used 2045K, capacity 2173K, committed 2176K, reserved 1048576K
Event: 8.390 GC heap after
Heap after GC invocations=3 (full 0):
 PSYoungGen      total 38400K, used 5104K [0x00000000d5e00000, 0x00000000da900000, 0x0000000100000000)
  eden space 33280K, 0% used [0x00000000d5e00000,0x00000000d5e00000,0x00000000d7e80000)
  from space 5120K, 99% used [0x00000000d7e80000,0x00000000d837c010,0x00000000d8380000)
  to   space 5120K, 0% used [0x00000000da400000,0x00000000da400000,0x00000000da900000)
 ParOldGen       total 87552K, used 4094K [0x0000000081a00000, 0x0000000086f80000, 0x00000000d5e00000)
  object space 87552K, 4% used [0x0000000081a00000,0x0000000081dffba0,0x0000000086f80000)
 Metaspace       used 16620K, capacity 16982K, committed 17280K, reserved 1064960K
  class space    used 2045K, capacity 2173K, committed 2176K, reserved 1048576K
}
Event: 15.669 GC heap before
{Heap before GC invocations=4 (full 0):
 PSYoungGen      total 38400K, used 38384K [0x00000000d5e00000, 0x00000000da900000, 0x0000000100000000)
  eden space 33280K, 100% used [0x00000000d5e00000,0x00000000d7e80000,0x00000000d7e80000)
  from space 5120K, 99% used [0x00000000d7e80000,0x00000000d837c010,0x00000000d8380000)
  to   space 5120K, 0% used [0x00000000da400000,0x00000000da400000,0x00000000da900000)
 ParOldGen       total 87552K, used 4094K [0x0000000081a00000, 0x0000000086f80000, 0x00000000d5e00000)
  object space 87552K, 4% used [0x0000000081a00000,0x0000000081dffba0,0x0000000086f80000)
 Metaspace       used 17078K, capacity 17462K, committed 17920K, reserved 1064960K
  class space    used 2076K, capacity 2180K, committed 2304K, reserved 1048576K
Event: 15.686 GC heap after
Heap after GC invocations=4 (full 0):
 PSYoungGen      total 71680K, used 5088K [0x00000000d5e00000, 0x00000000da900000, 0x0000000100000000)
  eden space 66560K, 0% used [0x00000000d5e00000,0x00000000d5e00000,0x00000000d9f00000)
  from space 5120K, 99% used [0x00000000da400000,0x00000000da8f8020,0x00000000da900000)
  to   space 5120K, 0% used [0x00000000d9f00000,0x00000000d9f00000,0x00000000da400000)
 ParOldGen       total 87552K, used 6696K [0x0000000081a00000, 0x0000000086f80000, 0x00000000d5e00000)
  object space 87552K, 7% used [0x0000000081a00000,0x000000008208a320,0x0000000086f80000)
 Metaspace       used 17078K, capacity 17462K, committed 17920K, reserved 1064960K
  class space    used 2076K, capacity 2180K, committed 2304K, reserved 1048576K
}
Event: 25.391 GC heap before
{Heap before GC invocations=5 (full 0):
 PSYoungGen      total 71680K, used 71648K [0x00000000d5e00000, 0x00000000da900000, 0x0000000100000000)
  eden space 66560K, 100% used [0x00000000d5e00000,0x00000000d9f00000,0x00000000d9f00000)
  from space 5120K, 99% used [0x00000000da400000,0x00000000da8f8020,0x00000000da900000)
  to   space 5120K, 0% used [0x00000000d9f00000,0x00000000d9f00000,0x00000000da400000)
 ParOldGen       total 87552K, used 6696K [0x0000000081a00000, 0x0000000086f80000, 0x00000000d5e00000)
  object space 87552K, 7% used [0x0000000081a00000,0x000000008208a320,0x0000000086f80000)
 Metaspace       used 17307K, capacity 17654K, committed 17920K, reserved 1064960K
  class space    used 2079K, capacity 2180K, committed 2304K, reserved 1048576K
Event: 25.418 GC heap after
Heap after GC invocations=5 (full 0):
 PSYoungGen      total 69632K, used 5104K [0x00000000d5e00000, 0x00000000daf00000, 0x0000000100000000)
  eden space 64512K, 0% used [0x00000000d5e00000,0x00000000d5e00000,0x00000000d9d00000)
  from space 5120K, 99% used [0x00000000d9f00000,0x00000000da3fc010,0x00000000da400000)
  to   space 9216K, 0% used [0x00000000da600000,0x00000000da600000,0x00000000daf00000)
 ParOldGen       total 87552K, used 9053K [0x0000000081a00000, 0x0000000086f80000, 0x00000000d5e00000)
  object space 87552K, 10% used [0x0000000081a00000,0x00000000822d76a0,0x0000000086f80000)
 Metaspace       used 17307K, capacity 17654K, committed 17920K, reserved 1064960K
  class space    used 2079K, capacity 2180K, committed 2304K, reserved 1048576K
}
Event: 40.437 GC heap before
{Heap before GC invocations=6 (full 0):
 PSYoungGen      total 69632K, used 69616K [0x00000000d5e00000, 0x00000000daf00000, 0x0000000100000000)
  eden space 64512K, 100% used [0x00000000d5e00000,0x00000000d9d00000,0x00000000d9d00000)
  from space 5120K, 99% used [0x00000000d9f00000,0x00000000da3fc010,0x00000000da400000)
  to   space 9216K, 0% used [0x00000000da600000,0x00000000da600000,0x00000000daf00000)
 ParOldGen       total 87552K, used 9053K [0x0000000081a00000, 0x0000000086f80000, 0x00000000d5e00000)
  object space 87552K, 10% used [0x0000000081a00000,0x00000000822d76a0,0x0000000086f80000)
 Metaspace       used 17558K, capacity 17946K, committed 18176K, reserved 1064960K
  class space    used 2083K, capacity 2186K, committed 2304K, reserved 1048576K
Event: 40.456 GC heap after
Heap after GC invocations=6 (full 0):
 PSYoungGen      total 69632K, used 6848K [0x00000000d5e00000, 0x00000000dad00000, 0x0000000100000000)
  eden space 62464K, 0% used [0x00000000d5e00000,0x00000000d5e00000,0x00000000d9b00000)
  from space 7168K, 95% used [0x00000000da600000,0x00000000dacb0020,0x00000000dad00000)
  to   space 9216K, 0% used [0x00000000d9b00000,0x00000000d9b00000,0x00000000da400000)
 ParOldGen       total 87552K, used 9061K [0x0000000081a00000, 0x0000000086f80000, 0x00000000d5e00000)
  object space 87552K, 10% used [0x0000000081a00000,0x00000000822d96a0,0x0000000086f80000)
 Metaspace       used 17558K, capacity 17946K, committed 18176K, reserved 1064960K
  class space    used 2083K, capacity 2186K, committed 2304K, reserved 1048576K
}

