# JRE version: Java(TM) SE Runtime Environment (8.0_60-b27) (build 1.8.0_60-b27)
# Java VM: Java HotSpot(TM) 64-Bit Server VM (25.60-b23 mixed mode windows-amd64 compressed oops)
Heap:
 PSYoungGen      total 142336K, used 61559K [0x00000000d5e00000, 0x00000000e7500000, 0x0000000100000000)
  eden space 131072K, 46% used [0x00000000d5e00000,0x00000000d9a1de58,0x00000000dde00000)
  from space 11264K, 0% used [0x00000000dde00000,0x00000000dde00000,0x00000000de900000)
  to   space 11776K, 0% used [0x00000000e6980000,0x00000000e6980000,0x00000000e7500000)
 ParOldGen       total 60416K, used 15446K [0x0000000081a00000, 0x0000000085500000, 0x00000000d5e00000)
  object space 60416K, 25% used [0x0000000081a00000,0x00000000829158d0,0x0000000085500000)
 Metaspace       used 24344K, capacity 24802K, committed 25088K, reserved 1071104K
  class space    used 2889K, capacity 3044K, committed 3072K, reserved 1048576K
GC Heap History (10 events):
Event: 1.841 GC heap before
{Heap before GC invocations=4 (full 0):
 PSYoungGen      total 38400K, used 38400K [0x00000000d5e00000, 0x00000000da900000, 0x0000000100000000)
  eden space 33280K, 100% used [0x00000000d5e00000,0x00000000d7e80000,0x00000000d7e80000)
  from space 5120K, 100% used [0x00000000d7e80000,0x00000000d8380000,0x00000000d8380000)
  to   space 5120K, 0% used [0x00000000da400000,0x00000000da400000,0x00000000da900000)
 ParOldGen       total 87552K, used 3915K [0x0000000081a00000, 0x0000000086f80000, 0x00000000d5e00000)
  object space 87552K, 4% used [0x0000000081a00000,0x0000000081dd2df0,0x0000000086f80000)
 Metaspace       used 12531K, capacity 12748K, committed 12928K, reserved 1060864K
  class space    used 1518K, capacity 1580K, committed 1664K, reserved 1048576K
Event: 1.850 GC heap after
Heap after GC invocations=4 (full 0):
 PSYoungGen      total 71680K, used 5088K [0x00000000d5e00000, 0x00000000da900000, 0x0000000100000000)
  eden space 66560K, 0% used [0x00000000d5e00000,0x00000000d5e00000,0x00000000d9f00000)
  from space 5120K, 99% used [0x00000000da400000,0x00000000da8f8020,0x00000000da900000)
  to   space 5120K, 0% used [0x00000000d9f00000,0x00000000d9f00000,0x00000000da400000)
 ParOldGen       total 87552K, used 5603K [0x0000000081a00000, 0x0000000086f80000, 0x00000000d5e00000)
  object space 87552K, 6% used [0x0000000081a00000,0x0000000081f78e20,0x0000000086f80000)
 Metaspace       used 12531K, capacity 12748K, committed 12928K, reserved 1060864K
  class space    used 1518K, capacity 1580K, committed 1664K, reserved 1048576K
}
Event: 2.329 GC heap before
{Heap before GC invocations=5 (full 0):
 PSYoungGen      total 71680K, used 71648K [0x00000000d5e00000, 0x00000000da900000, 0x0000000100000000)
  eden space 66560K, 100% used [0x00000000d5e00000,0x00000000d9f00000,0x00000000d9f00000)
  from space 5120K, 99% used [0x00000000da400000,0x00000000da8f8020,0x00000000da900000)
  to   space 5120K, 0% used [0x00000000d9f00000,0x00000000d9f00000,0x00000000da400000)
 ParOldGen       total 87552K, used 5603K [0x0000000081a00000, 0x0000000086f80000, 0x00000000d5e00000)
  object space 87552K, 6% used [0x0000000081a00000,0x0000000081f78e20,0x0000000086f80000)
 Metaspace       used 12748K, capacity 12976K, committed 13184K, reserved 1060864K
  class space    used 1522K, capacity 1586K, committed 1664K, reserved 1048576K
Event: 2.354 GC heap after
Heap after GC invocations=5 (full 0):
 PSYoungGen      total 71680K, used 5104K [0x00000000d5e00000, 0x00000000df200000, 0x0000000100000000)
  eden space 66560K, 0% used [0x00000000d5e00000,0x00000000d5e00000,0x00000000d9f00000)
  from space 5120K, 99% used [0x00000000d9f00000,0x00000000da3fc010,0x00000000da400000)
  to   space 9216K, 0% used [0x00000000de900000,0x00000000de900000,0x00000000df200000)
 ParOldGen       total 87552K, used 8795K [0x0000000081a00000, 0x0000000086f80000, 0x00000000d5e00000)
  object space 87552K, 10% used [0x0000000081a00000,0x0000000082296e20,0x0000000086f80000)
 Metaspace       used 12748K, capacity 12976K, committed 13184K, reserved 1060864K
  class space    used 1522K, capacity 1586K, committed 1664K, reserved 1048576K
}
Event: 6.305 GC heap before
{Heap before GC invocations=6 (full 0):
 PSYoungGen      total 71680K, used 71664K [0x00000000d5e00000, 0x00000000df200000, 0x0000000100000000)
  eden space 66560K, 100% used [0x00000000d5e00000,0x00000000d9f00000,0x00000000d9f00000)
  from space 5120K, 99% used [0x00000000d9f00000,0x00000000da3fc010,0x00000000da400000)
  to   space 9216K, 0% used [0x00000000de900000,0x00000000de900000,0x00000000df200000)
 ParOldGen       total 87552K, used 8795K [0x0000000081a00000, 0x0000000086f80000, 0x00000000d5e00000)
  object space 87552K, 10% used [0x0000000081a00000,0x0000000082296e20,0x0000000086f80000)
 Metaspace       used 17945K, capacity 18310K, committed 18432K, reserved 1064960K
  class space    used 2163K, capacity 2288K, committed 2304K, reserved 1048576K
Event: 6.328 GC heap after
Heap after GC invocations=6 (full 0):
 PSYoungGen      total 140288K, used 9215K [0x00000000d5e00000, 0x00000000df600000, 0x0000000100000000)
  eden space 131072K, 0% used [0x00000000d5e00000,0x00000000d5e00000,0x00000000dde00000)
  from space 9216K, 99% used [0x00000000de900000,0x00000000df1ffd60,0x00000000df200000)
  to   space 11264K, 0% used [0x00000000dde00000,0x00000000dde00000,0x00000000de900000)
 ParOldGen       total 87552K, used 10408K [0x0000000081a00000, 0x0000000086f80000, 0x00000000d5e00000)
  object space 87552K, 11% used [0x0000000081a00000,0x000000008242a198,0x0000000086f80000)
 Metaspace       used 17945K, capacity 18310K, committed 18432K, reserved 1064960K
  class space    used 2163K, capacity 2288K, committed 2304K, reserved 1048576K
}
Event: 22.933 GC heap before
{Heap before GC invocations=7 (full 0):
 PSYoungGen      total 140288K, used 110165K [0x00000000d5e00000, 0x00000000df600000, 0x0000000100000000)
  eden space 131072K, 77% used [0x00000000d5e00000,0x00000000dc095a10,0x00000000dde00000)
  from space 9216K, 99% used [0x00000000de900000,0x00000000df1ffd60,0x00000000df200000)
  to   space 11264K, 0% used [0x00000000dde00000,0x00000000dde00000,0x00000000de900000)
 ParOldGen       total 87552K, used 10408K [0x0000000081a00000, 0x0000000086f80000, 0x00000000d5e00000)
  object space 87552K, 11% used [0x0000000081a00000,0x000000008242a198,0x0000000086f80000)
 Metaspace       used 20758K, capacity 21122K, committed 21296K, reserved 1069056K
  class space    used 2485K, capacity 2628K, committed 2688K, reserved 1048576K
Event: 23.140 GC heap after
Heap after GC invocations=7 (full 0):
 PSYoungGen      total 142336K, used 9161K [0x00000000d5e00000, 0x00000000e7500000, 0x0000000100000000)
  eden space 131072K, 0% used [0x00000000d5e00000,0x00000000d5e00000,0x00000000dde00000)
  from space 11264K, 81% used [0x00000000dde00000,0x00000000de6f2550,0x00000000de900000)
  to   space 11776K, 0% used [0x00000000e6980000,0x00000000e6980000,0x00000000e7500000)
 ParOldGen       total 87552K, used 12042K [0x0000000081a00000, 0x0000000086f80000, 0x00000000d5e00000)
  object space 87552K, 13% used [0x0000000081a00000,0x00000000825c29c8,0x0000000086f80000)
 Metaspace       used 20758K, capacity 21122K, committed 21296K, reserved 1069056K
  class space    used 2485K, capacity 2628K, committed 2688K, reserved 1048576K
}
Event: 23.140 GC heap before
{Heap before GC invocations=8 (full 1):
 PSYoungGen      total 142336K, used 9161K [0x00000000d5e00000, 0x00000000e7500000, 0x0000000100000000)
  eden space 131072K, 0% used [0x00000000d5e00000,0x00000000d5e00000,0x00000000dde00000)
  from space 11264K, 81% used [0x00000000dde00000,0x00000000de6f2550,0x00000000de900000)
  to   space 11776K, 0% used [0x00000000e6980000,0x00000000e6980000,0x00000000e7500000)
 ParOldGen       total 87552K, used 12042K [0x0000000081a00000, 0x0000000086f80000, 0x00000000d5e00000)
  object space 87552K, 13% used [0x0000000081a00000,0x00000000825c29c8,0x0000000086f80000)
 Metaspace       used 20758K, capacity 21122K, committed 21296K, reserved 1069056K
  class space    used 2485K, capacity 2628K, committed 2688K, reserved 1048576K
Event: 23.295 GC heap after
Heap after GC invocations=8 (full 1):
 PSYoungGen      total 142336K, used 0K [0x00000000d5e00000, 0x00000000e7500000, 0x0000000100000000)
  eden space 131072K, 0% used [0x00000000d5e00000,0x00000000d5e00000,0x00000000dde00000)
  from space 11264K, 0% used [0x00000000dde00000,0x00000000dde00000,0x00000000de900000)
  to   space 11776K, 0% used [0x00000000e6980000,0x00000000e6980000,0x00000000e7500000)
 ParOldGen       total 60416K, used 15446K [0x0000000081a00000, 0x0000000085500000, 0x00000000d5e00000)
  object space 60416K, 25% used [0x0000000081a00000,0x00000000829158d0,0x0000000085500000)
 Metaspace       used 20758K, capacity 21122K, committed 21296K, reserved 1069056K
  class space    used 2485K, capacity 2628K, committed 2688K, reserved 1048576K
}

